I, [2022-11-15T00:31:13.551648 #40864]  INFO -- : Registered expected interaction GET /foobar
D, [2022-11-15T00:31:13.551800 #40864] DEBUG -- : {
  "description": "A request to get foo",
  "providerState": "User foo exists",
  "request": {
    "method": "GET",
    "path": "/foobar",
    "headers": {
      "Authorization": "Bearer 1234",
      "Content-Type": "application/json"
    },
    "body": {
      "name": "billy"
    }
  },
  "response": {
    "status": 200,
    "headers": {
      "Content-Type": "application/json"
    },
    "body": {
      "lastName": {
        "json_class": "Pact::SomethingLike",
        "contents": "sampson"
      },
      "name": {
        "json_class": "Pact::SomethingLike",
        "contents": "billy"
      }
    }
  },
  "metadata": null
}
I, [2022-11-15T00:31:13.721112 #40864]  INFO -- : Received request GET /foobar
D, [2022-11-15T00:31:13.721229 #40864] DEBUG -- : {
  "path": "/foobar",
  "query": "",
  "method": "get",
  "body": {
    "name": "billy"
  },
  "headers": {
    "Content-Length": "16",
    "Content-Type": "application/json",
    "Host": "localhost:62485",
    "User-Agent": "Go-http-client/1.1",
    "Authorization": "Bearer 1234",
    "Accept-Encoding": "gzip",
    "Version": "HTTP/1.1"
  }
}
I, [2022-11-15T00:31:13.722054 #40864]  INFO -- : Found matching response for GET /foobar
D, [2022-11-15T00:31:13.722146 #40864] DEBUG -- : {
  "status": 200,
  "headers": {
    "Content-Type": "application/json"
  },
  "body": {
    "lastName": {
      "json_class": "Pact::SomethingLike",
      "contents": "sampson"
    },
    "name": {
      "json_class": "Pact::SomethingLike",
      "contents": "billy"
    }
  }
}
I, [2022-11-15T00:31:13.723364 #40864]  INFO -- : Verifying - interactions matched
I, [2022-11-15T00:31:13.723866 #40864]  INFO -- : Cleared interactions
